16 480 956 600 байт , целое, бинарный, 0, 256, byte, mshunko
C:\Users\User\rand>dieharder.exe -a -g 201 -f .\sts-2.1.2\kmsh.bin
#=============================================================================#
#            dieharder version 3.31.1 Copyright 2003 Robert G. Brown          #
#=============================================================================#
   rng_name    |           filename             |rands/second|
 file_input_raw|            .\sts-2.1.2\kmsh.bin|  5.63e+07  |
#=============================================================================#
        test_name   |ntup| tsamples |psamples|  p-value |Assessment
#=============================================================================#
   diehard_birthdays|   0|       100|     100|0.93714633|  PASSED
      diehard_operm5|   0|   1000000|     100|0.43621374|  PASSED
  diehard_rank_32x32|   0|     40000|     100|0.84987878|  PASSED
    diehard_rank_6x8|   0|    100000|     100|0.63992574|  PASSED
   diehard_bitstream|   0|   2097152|     100|0.99041371|  PASSED
        diehard_opso|   0|   2097152|     100|0.49295076|  PASSED
        diehard_oqso|   0|   2097152|     100|0.29213572|  PASSED
         diehard_dna|   0|   2097152|     100|0.96062273|  PASSED
diehard_count_1s_str|   0|    256000|     100|0.73909936|  PASSED
diehard_count_1s_byt|   0|    256000|     100|0.19061739|  PASSED
 diehard_parking_lot|   0|     12000|     100|0.38931075|  PASSED
    diehard_2dsphere|   2|      8000|     100|0.80662732|  PASSED
    diehard_3dsphere|   3|      4000|     100|0.78575054|  PASSED
     diehard_squeeze|   0|    100000|     100|0.02664537|  PASSED
        diehard_sums|   0|       100|     100|0.11690431|  PASSED
        diehard_runs|   0|    100000|     100|0.45939000|  PASSED
        diehard_runs|   0|    100000|     100|0.86803660|  PASSED
       diehard_craps|   0|    200000|     100|0.61311372|  PASSED
       diehard_craps|   0|    200000|     100|0.34492885|  PASSED
 marsaglia_tsang_gcd|   0|  10000000|     100|0.23036524|  PASSED
 marsaglia_tsang_gcd|   0|  10000000|     100|0.78730120|  PASSED
         sts_monobit|   1|    100000|     100|0.94122896|  PASSED
            sts_runs|   2|    100000|     100|0.72688281|  PASSED
          sts_serial|   1|    100000|     100|0.33738420|  PASSED
          sts_serial|   2|    100000|     100|0.78861590|  PASSED
          sts_serial|   3|    100000|     100|0.26639599|  PASSED
          sts_serial|   3|    100000|     100|0.33385249|  PASSED
          sts_serial|   4|    100000|     100|0.08400245|  PASSED
          sts_serial|   4|    100000|     100|0.30790680|  PASSED
          sts_serial|   5|    100000|     100|0.05122592|  PASSED
          sts_serial|   5|    100000|     100|0.83761981|  PASSED
          sts_serial|   6|    100000|     100|0.36390450|  PASSED
          sts_serial|   6|    100000|     100|0.82274858|  PASSED
          sts_serial|   7|    100000|     100|0.63653558|  PASSED
          sts_serial|   7|    100000|     100|0.96832453|  PASSED
          sts_serial|   8|    100000|     100|0.88216696|  PASSED
          sts_serial|   8|    100000|     100|0.92829834|  PASSED
          sts_serial|   9|    100000|     100|0.84721190|  PASSED
          sts_serial|   9|    100000|     100|0.47796900|  PASSED
          sts_serial|  10|    100000|     100|0.13696936|  PASSED
          sts_serial|  10|    100000|     100|0.83045759|  PASSED
          sts_serial|  11|    100000|     100|0.48351435|  PASSED
          sts_serial|  11|    100000|     100|0.76537034|  PASSED
          sts_serial|  12|    100000|     100|0.03003836|  PASSED
          sts_serial|  12|    100000|     100|0.16130829|  PASSED
          sts_serial|  13|    100000|     100|0.07977995|  PASSED
          sts_serial|  13|    100000|     100|0.71329998|  PASSED
          sts_serial|  14|    100000|     100|0.21318393|  PASSED
          sts_serial|  14|    100000|     100|0.73850515|  PASSED
          sts_serial|  15|    100000|     100|0.98980735|  PASSED
          sts_serial|  15|    100000|     100|0.09285326|  PASSED
          sts_serial|  16|    100000|     100|0.38202619|  PASSED
          sts_serial|  16|    100000|     100|0.58189552|  PASSED
         rgb_bitdist|   1|    100000|     100|0.92102454|  PASSED
         rgb_bitdist|   2|    100000|     100|0.50440531|  PASSED
         rgb_bitdist|   3|    100000|     100|0.39310613|  PASSED
         rgb_bitdist|   4|    100000|     100|0.97685675|  PASSED
         rgb_bitdist|   5|    100000|     100|0.88576971|  PASSED
         rgb_bitdist|   6|    100000|     100|0.38502310|  PASSED
         rgb_bitdist|   7|    100000|     100|0.45632564|  PASSED
         rgb_bitdist|   8|    100000|     100|0.53076254|  PASSED
# The file file_input_raw was rewound 1 times
         rgb_bitdist|   9|    100000|     100|0.88917774|  PASSED
# The file file_input_raw was rewound 1 times
         rgb_bitdist|  10|    100000|     100|0.71092691|  PASSED
# The file file_input_raw was rewound 1 times
         rgb_bitdist|  11|    100000|     100|0.49968501|  PASSED
# The file file_input_raw was rewound 1 times
         rgb_bitdist|  12|    100000|     100|0.62509820|  PASSED
# The file file_input_raw was rewound 1 times
rgb_minimum_distance|   2|     10000|    1000|0.06548162|  PASSED
# The file file_input_raw was rewound 1 times
rgb_minimum_distance|   3|     10000|    1000|0.16483264|  PASSED
# The file file_input_raw was rewound 1 times
rgb_minimum_distance|   4|     10000|    1000|0.51707833|  PASSED
# The file file_input_raw was rewound 1 times
rgb_minimum_distance|   5|     10000|    1000|0.90481512|  PASSED
# The file file_input_raw was rewound 1 times
    rgb_permutations|   2|    100000|     100|0.28654774|  PASSED
# The file file_input_raw was rewound 1 times
    rgb_permutations|   3|    100000|     100|0.25826956|  PASSED
# The file file_input_raw was rewound 1 times
    rgb_permutations|   4|    100000|     100|0.23015493|  PASSED
# The file file_input_raw was rewound 1 times
    rgb_permutations|   5|    100000|     100|0.26402703|  PASSED
# The file file_input_raw was rewound 1 times
      rgb_lagged_sum|   0|   1000000|     100|0.94099157|  PASSED
# The file file_input_raw was rewound 1 times
      rgb_lagged_sum|   1|   1000000|     100|0.04777584|  PASSED
# The file file_input_raw was rewound 1 times
      rgb_lagged_sum|   2|   1000000|     100|0.62216761|  PASSED
# The file file_input_raw was rewound 1 times
      rgb_lagged_sum|   3|   1000000|     100|0.31999947|  PASSED
# The file file_input_raw was rewound 1 times
      rgb_lagged_sum|   4|   1000000|     100|0.49080824|  PASSED
# The file file_input_raw was rewound 1 times
      rgb_lagged_sum|   5|   1000000|     100|0.93118435|  PASSED
# The file file_input_raw was rewound 1 times
      rgb_lagged_sum|   6|   1000000|     100|0.77051381|  PASSED
# The file file_input_raw was rewound 2 times
      rgb_lagged_sum|   7|   1000000|     100|0.04611859|  PASSED
# The file file_input_raw was rewound 2 times
      rgb_lagged_sum|   8|   1000000|     100|0.63228673|  PASSED
# The file file_input_raw was rewound 2 times
      rgb_lagged_sum|   9|   1000000|     100|0.73437934|  PASSED
# The file file_input_raw was rewound 2 times
      rgb_lagged_sum|  10|   1000000|     100|0.08687514|  PASSED
# The file file_input_raw was rewound 3 times
      rgb_lagged_sum|  11|   1000000|     100|0.39483630|  PASSED
# The file file_input_raw was rewound 3 times
      rgb_lagged_sum|  12|   1000000|     100|0.93026834|  PASSED
# The file file_input_raw was rewound 3 times
      rgb_lagged_sum|  13|   1000000|     100|0.69152712|  PASSED
# The file file_input_raw was rewound 4 times
      rgb_lagged_sum|  14|   1000000|     100|0.72077907|  PASSED
# The file file_input_raw was rewound 4 times
      rgb_lagged_sum|  15|   1000000|     100|0.14743453|  PASSED
# The file file_input_raw was rewound 4 times
      rgb_lagged_sum|  16|   1000000|     100|0.52601135|  PASSED
# The file file_input_raw was rewound 5 times
      rgb_lagged_sum|  17|   1000000|     100|0.23874222|  PASSED
# The file file_input_raw was rewound 5 times
      rgb_lagged_sum|  18|   1000000|     100|0.10289316|  PASSED
# The file file_input_raw was rewound 6 times
      rgb_lagged_sum|  19|   1000000|     100|0.87959980|  PASSED
# The file file_input_raw was rewound 6 times
      rgb_lagged_sum|  20|   1000000|     100|0.90940193|  PASSED
# The file file_input_raw was rewound 7 times
      rgb_lagged_sum|  21|   1000000|     100|0.79363789|  PASSED
# The file file_input_raw was rewound 7 times
      rgb_lagged_sum|  22|   1000000|     100|0.91670703|  PASSED
# The file file_input_raw was rewound 8 times
      rgb_lagged_sum|  23|   1000000|     100|0.58046176|  PASSED
# The file file_input_raw was rewound 9 times
      rgb_lagged_sum|  24|   1000000|     100|0.81982785|  PASSED
# The file file_input_raw was rewound 9 times
      rgb_lagged_sum|  25|   1000000|     100|0.32707916|  PASSED
# The file file_input_raw was rewound 10 times
      rgb_lagged_sum|  26|   1000000|     100|0.54751233|  PASSED
# The file file_input_raw was rewound 11 times
      rgb_lagged_sum|  27|   1000000|     100|0.78650707|  PASSED
# The file file_input_raw was rewound 11 times
      rgb_lagged_sum|  28|   1000000|     100|0.75729665|  PASSED
# The file file_input_raw was rewound 12 times
      rgb_lagged_sum|  29|   1000000|     100|0.05617608|  PASSED
# The file file_input_raw was rewound 13 times
      rgb_lagged_sum|  30|   1000000|     100|0.82878543|  PASSED
# The file file_input_raw was rewound 14 times
      rgb_lagged_sum|  31|   1000000|     100|0.10421024|  PASSED
# The file file_input_raw was rewound 14 times
      rgb_lagged_sum|  32|   1000000|     100|0.35587813|  PASSED
# The file file_input_raw was rewound 14 times
     rgb_kstest_test|   0|     10000|    1000|0.48740798|  PASSED
# The file file_input_raw was rewound 14 times
     dab_bytedistrib|   0|  51200000|       1|0.96653568|  PASSED
# The file file_input_raw was rewound 14 times
             dab_dct| 256|     50000|       1|0.14040154|  PASSED
Preparing to run test 207.  ntuple = 0
# The file file_input_raw was rewound 14 times
        dab_filltree|  32|  15000000|       1|0.40147707|  PASSED
        dab_filltree|  32|  15000000|       1|0.86800081|  PASSED
Preparing to run test 208.  ntuple = 0
# The file file_input_raw was rewound 14 times
       dab_filltree2|   0|   5000000|       1|0.31046498|  PASSED
       dab_filltree2|   1|   5000000|       1|0.17175450|  PASSED
Preparing to run test 209.  ntuple = 0
# The file file_input_raw was rewound 14 times
        dab_monobit2|  12|  65000000|       1|0.72454131|  PASSED
